<?xml version="1.0" encoding="UTF-8"?>
<testng-results ignored="0" total="1" passed="1" failed="0" skipped="0">
  <reporter-output>
  </reporter-output>
  <suite started-at="2023-07-29T09:29:43 IST" name="Default suite" finished-at="2023-07-29T09:29:44 IST" duration-ms="107">
    <groups>
    </groups>
    <test started-at="2023-07-29T09:29:43 IST" name="Default test" finished-at="2023-07-29T09:29:44 IST" duration-ms="107">
      <class name="practice.AddTocart">
        <test-method signature="adsdtocart()[pri:0, instance:practice.AddTocart@55141def]" started-at="2023-07-29T09:29:44 IST" name="adsdtocart" finished-at="2023-07-29T09:29:44 IST" duration-ms="24" status="PASS">
          <reporter-output>
          </reporter-output>
        </test-method> <!-- adsdtocart -->
      </class> <!-- practice.AddTocart -->
    </test> <!-- Default test -->
  </suite> <!-- Default suite -->
</testng-results>
