<?xml version="1.0" encoding="UTF-8"?>
<testng-results ignored="0" total="2" passed="2" failed="0" skipped="0">
  <reporter-output>
  </reporter-output>
  <suite started-at="2023-07-29T10:22:08 IST" name="Default suite" finished-at="2023-07-29T10:22:09 IST" duration-ms="107">
    <groups>
    </groups>
    <test started-at="2023-07-29T10:22:08 IST" name="Default test" finished-at="2023-07-29T10:22:09 IST" duration-ms="107">
      <class name="practice.AddTocartTest">
        <test-method signature="adsdtocart()[pri:0, instance:practice.AddTocartTest@55182842]" started-at="2023-07-29T10:22:09 IST" name="adsdtocart" finished-at="2023-07-29T10:22:09 IST" duration-ms="19" status="PASS">
          <reporter-output>
          </reporter-output>
        </test-method> <!-- adsdtocart -->
        <test-method signature="removeFromcart()[pri:0, instance:practice.AddTocartTest@55182842]" started-at="2023-07-29T10:22:09 IST" name="removeFromcart" finished-at="2023-07-29T10:22:09 IST" duration-ms="4" status="PASS">
          <reporter-output>
          </reporter-output>
        </test-method> <!-- removeFromcart -->
      </class> <!-- practice.AddTocartTest -->
    </test> <!-- Default test -->
  </suite> <!-- Default suite -->
</testng-results>
